<?xml version="1.0" encoding="UTF-8"?>
<!-- Generated by org.testng.reporters.JUnitXMLReporter -->
<testsuite hostname="Nil-MacBook-Air.local" ignored="0" name="Default test" tests="3" failures="0" timestamp="16 Apr 2020 21:44:11 GMT" time="50.824" errors="0">
  <testcase name="SearchProduct" time="9.161" classname="testcases.AddRemoveFromFavesTest"/>
  <testcase name="AddProductToFaveList" time="4.738" classname="testcases.AddRemoveFromFavesTest"/>
  <testcase name="RemoveProductFromFaveList" time="4.051" classname="testcases.AddRemoveFromFavesTest"/>
</testsuite> <!-- Default test -->
