<?xml version="1.0" encoding="UTF-8"?>
<testng-results skipped="0" failed="0" ignored="0" total="1" passed="1">
  <reporter-output>
  </reporter-output>
  <suite name="Surefire suite" duration-ms="17774" started-at="2020-03-13T11:59:54Z" finished-at="2020-03-13T12:00:12Z">
    <groups>
    </groups>
    <test name="Surefire test" duration-ms="17774" started-at="2020-03-13T11:59:54Z" finished-at="2020-03-13T12:00:12Z">
      <class name="automation.FirstTest">
        <test-method status="PASS" signature="TestMethod()[pri:0, instance:automation.FirstTest@5b464ce8]" name="TestMethod" duration-ms="17748" started-at="2020-03-13T14:59:54Z" finished-at="2020-03-13T15:00:12Z">
          <reporter-output>
          </reporter-output>
        </test-method> <!-- TestMethod -->
      </class> <!-- automation.FirstTest -->
    </test> <!-- Surefire test -->
  </suite> <!-- Surefire suite -->
</testng-results>
