<?xml version="1.0" encoding="UTF-8"?>
<testng-results skipped="0" failed="0" ignored="0" total="3" passed="3">
  <reporter-output>
  </reporter-output>
  <suite name="TestSuite" duration-ms="61860" started-at="2020-04-16T15:27:00Z" finished-at="2020-04-16T15:28:02Z">
    <groups>
    </groups>
    <test name="testcases" duration-ms="61860" started-at="2020-04-16T15:27:00Z" finished-at="2020-04-16T15:28:02Z">
      <class name="testcases.AddRemoveFromFavesTest">
        <test-method status="PASS" signature="setup()[pri:0, instance:testcases.AddRemoveFromFavesTest@2f112965]" name="setup" is-config="true" duration-ms="29431" started-at="2020-04-16T18:27:00Z" finished-at="2020-04-16T18:27:30Z">
          <reporter-output>
          </reporter-output>
        </test-method> <!-- setup -->
        <test-method status="PASS" signature="SearchProduct()[pri:0, instance:testcases.AddRemoveFromFavesTest@2f112965]" name="SearchProduct" duration-ms="12232" started-at="2020-04-16T18:27:30Z" finished-at="2020-04-16T18:27:42Z">
          <reporter-output>
          </reporter-output>
        </test-method> <!-- SearchProduct -->
        <test-method status="PASS" signature="AddProductToFaveList()[pri:1, instance:testcases.AddRemoveFromFavesTest@2f112965]" name="AddProductToFaveList" duration-ms="9342" started-at="2020-04-16T18:27:42Z" finished-at="2020-04-16T18:27:51Z">
          <reporter-output>
          </reporter-output>
        </test-method> <!-- AddProductToFaveList -->
        <test-method status="PASS" signature="RemoveProductFromFaveList()[pri:2, instance:testcases.AddRemoveFromFavesTest@2f112965]" name="RemoveProductFromFaveList" duration-ms="3786" started-at="2020-04-16T18:27:51Z" finished-at="2020-04-16T18:27:55Z">
          <reporter-output>
          </reporter-output>
        </test-method> <!-- RemoveProductFromFaveList -->
        <test-method status="PASS" signature="teardown()[pri:0, instance:testcases.AddRemoveFromFavesTest@2f112965]" name="teardown" is-config="true" duration-ms="6986" started-at="2020-04-16T18:27:55Z" finished-at="2020-04-16T18:28:02Z">
          <reporter-output>
          </reporter-output>
        </test-method> <!-- teardown -->
      </class> <!-- testcases.AddRemoveFromFavesTest -->
    </test> <!-- testcases -->
  </suite> <!-- TestSuite -->
</testng-results>
