<?xml version="1.0" encoding="UTF-8"?>
<!-- Generated by org.testng.reporters.JUnitXMLReporter -->
<testsuite hostname="Nil-MacBook-Air.local" ignored="0" name="testcases" tests="3" failures="0" timestamp="16 Apr 2020 15:28:02 GMT" time="61.86" errors="0">
  <testcase name="SearchProduct" time="12.232" classname="testcases.AddRemoveFromFavesTest"/>
  <testcase name="AddProductToFaveList" time="9.342" classname="testcases.AddRemoveFromFavesTest"/>
  <testcase name="RemoveProductFromFaveList" time="3.786" classname="testcases.AddRemoveFromFavesTest"/>
</testsuite> <!-- testcases -->
